2015-04-20 22:23:45 ERROR CommandLineUI:102 - showHelp | error reading help file
java.nio.file.NoSuchFileException: resources/help/help.txt
	at sun.nio.fs.UnixException.translateToIOException(UnixException.java:86)
	at sun.nio.fs.UnixException.rethrowAsIOException(UnixException.java:102)
	at sun.nio.fs.UnixException.rethrowAsIOException(UnixException.java:107)
	at sun.nio.fs.UnixFileSystemProvider.newByteChannel(UnixFileSystemProvider.java:214)
	at java.nio.file.Files.newByteChannel(Files.java:361)
	at java.nio.file.Files.newByteChannel(Files.java:407)
	at java.nio.file.spi.FileSystemProvider.newInputStream(FileSystemProvider.java:384)
	at java.nio.file.Files.newInputStream(Files.java:152)
	at java.nio.file.Files.newBufferedReader(Files.java:2784)
	at java.nio.file.Files.lines(Files.java:3744)
	at java.nio.file.Files.lines(Files.java:3785)
	at com.cs51.project.roadtrip.uis.CommandLineUI.showHelp(CommandLineUI.java:98)
	at com.cs51.project.roadtrip.uis.CommandLineUI.getUserInput(CommandLineUI.java:88)
	at com.cs51.project.roadtrip.uis.CommandLineUI.displayOptions(CommandLineUI.java:72)
	at com.cs51.project.roadtrip.uis.CommandLineUI.execute(CommandLineUI.java:62)
	at com.cs51.project.roadtrip.Main.main(Main.java:40)
	at sun.reflect.NativeMethodAccessorImpl.invoke0(Native Method)
	at sun.reflect.NativeMethodAccessorImpl.invoke(NativeMethodAccessorImpl.java:62)
	at sun.reflect.DelegatingMethodAccessorImpl.invoke(DelegatingMethodAccessorImpl.java:43)
	at java.lang.reflect.Method.invoke(Method.java:497)
	at com.intellij.rt.execution.application.AppMain.main(AppMain.java:134)
